This is pdfTeX, Version 3.141592653-2.6-1.40.22 (TeX Live 2022/dev/Debian) (preloaded format=pdflatex 2022.11.20)  24 MAR 2023 16:20
entering extended mode
 restricted \write18 enabled.
 %&-line parsing enabled.
**title.tex
(./title.tex
LaTeX2e <2021-11-15> patch level 1
L3 programming layer <2022-01-21>

! LaTeX Error: Environment titlepage undefined.

See the LaTeX manual or LaTeX Companion for explanation.
Type  H <return>  for immediate help.
 ...                                              
                                                  
l.4 \begin{titlepage}
                     
Your command was ignored.
Type  I <command> <return>  to replace it with another command,
or  <return>  to continue without it.


! LaTeX Error: Environment figure undefined.

See the LaTeX manual or LaTeX Companion for explanation.
Type  H <return>  for immediate help.
 ...                                              
                                                  
l.6 \begin{figure}
                  [H]
Your command was ignored.
Type  I <command> <return>  to replace it with another command,
or  <return>  to continue without it.


! LaTeX Error: Missing \begin{document}.

See the LaTeX manual or LaTeX Companion for explanation.
Type  H <return>  for immediate help.
 ...                                              
                                                  
l.6 \begin{figure}[
                   H]
You're in trouble here.  Try typing  <return>  to proceed.
If that doesn't work, type  X <return>  to quit.

Missing character: There is no [ in font nullfont!
Missing character: There is no H in font nullfont!
Missing character: There is no ] in font nullfont!
! Undefined control sequence.
l.8 \includegraphics
                    [width=360pt]{UniversitasMediolanensis.pdf}
The control sequence at the end of the top line
of your error message was never \def'ed. If you have
misspelled it (e.g., `\hobx'), type `I' and the correct
spelling (e.g., `I\hbox'). Otherwise just continue,
and I'll forget about whatever was undefined.

Missing character: There is no [ in font nullfont!
Missing character: There is no w in font nullfont!
Missing character: There is no i in font nullfont!
Missing character: There is no d in font nullfont!
Missing character: There is no t in font nullfont!
Missing character: There is no h in font nullfont!
Missing character: There is no = in font nullfont!
Missing character: There is no 3 in font nullfont!
Missing character: There is no 6 in font nullfont!
Missing character: There is no 0 in font nullfont!
Missing character: There is no p in font nullfont!
Missing character: There is no t in font nullfont!
Missing character: There is no ] in font nullfont!
Missing character: There is no U in font nullfont!
Missing character: There is no n in font nullfont!
Missing character: There is no i in font nullfont!
Missing character: There is no v in font nullfont!
Missing character: There is no e in font nullfont!
Missing character: There is no r in font nullfont!
Missing character: There is no s in font nullfont!
Missing character: There is no i in font nullfont!
Missing character: There is no t in font nullfont!
Missing character: There is no a in font nullfont!
Missing character: There is no s in font nullfont!
Missing character: There is no M in font nullfont!
Missing character: There is no e in font nullfont!
Missing character: There is no d in font nullfont!
Missing character: There is no i in font nullfont!
Missing character: There is no o in font nullfont!
Missing character: There is no l in font nullfont!
Missing character: There is no a in font nullfont!
Missing character: There is no n in font nullfont!
Missing character: There is no e in font nullfont!
Missing character: There is no n in font nullfont!
Missing character: There is no s in font nullfont!
Missing character: There is no i in font nullfont!
Missing character: There is no s in font nullfont!
Missing character: There is no . in font nullfont!
Missing character: There is no p in font nullfont!
Missing character: There is no d in font nullfont!
Missing character: There is no f in font nullfont!

! LaTeX Error: \begin{document} ended by \end{figure}.

See the LaTeX manual or LaTeX Companion for explanation.
Type  H <return>  for immediate help.
 ...                                              
                                                  
l.10 \end{figure}
                 
Your command was ignored.
Type  I <command> <return>  to replace it with another command,
or  <return>  to continue without it.


Overfull \hbox (20.0pt too wide) in paragraph at lines 6--11
[]
 []


! LaTeX Error: Missing \begin{document}.

See the LaTeX manual or LaTeX Companion for explanation.
Type  H <return>  for immediate help.
 ...                                              
                                                  
l.13 \begin{center}
                   {
You're in trouble here.  Try typing  <return>  to proceed.
If that doesn't work, type  X <return>  to quit.


Overfull \hbox (20.0pt too wide) in paragraph at lines 13--13
[] 
 []

Missing character: There is no F in font nullfont!
Missing character: There is no a in font nullfont!
Missing character: There is no c in font nullfont!
Missing character: There is no o in font nullfont!
Missing character: There is no l in font nullfont!
Missing character: There is no t in font nullfont!
LaTeX Font Info:    Trying to load font information for +cmr on input line 14.
LaTeX Font Info:    No file cmr.fd. on input line 14.

LaTeX Font Warning: Font shape `/cmr/m/n' undefined
(Font)              using `/cmr/m/n' instead on input line 14.

! Corrupted NFSS tables.
wrong@fontshape ...message {Corrupted NFSS tables}
                                                  error@fontshape else let f...
l.14 Facoltà
              di scienze e tecnologie\\
This error message was generated by an \errmessage
command, so I can't give any explicit help.
Pretend that you're Hercule Poirot: Examine all clues,
and deduce the truth by order and method.


LaTeX Font Warning: Font shape `/cmr/m/n' undefined
(Font)              using `OT1/cmr/m/n' instead on input line 14.

Missing character: There is no d in font nullfont!
Missing character: There is no i in font nullfont!
Missing character: There is no s in font nullfont!
Missing character: There is no c in font nullfont!
Missing character: There is no i in font nullfont!
Missing character: There is no e in font nullfont!
Missing character: There is no n in font nullfont!
Missing character: There is no z in font nullfont!
Missing character: There is no e in font nullfont!
Missing character: There is no e in font nullfont!
Missing character: There is no t in font nullfont!
Missing character: There is no e in font nullfont!
Missing character: There is no c in font nullfont!
Missing character: There is no n in font nullfont!
Missing character: There is no o in font nullfont!
Missing character: There is no l in font nullfont!
Missing character: There is no o in font nullfont!
Missing character: There is no g in font nullfont!
Missing character: There is no i in font nullfont!
Missing character: There is no e in font nullfont!

Overfull \hbox (10.00003pt too wide) in paragraph at lines 14--14
 \/cmr/m/n/10 ^^Ra 
 []

Missing character: There is no L in font nullfont!
Missing character: There is no a in font nullfont!
Missing character: There is no u in font nullfont!
Missing character: There is no r in font nullfont!
Missing character: There is no e in font nullfont!
Missing character: There is no a in font nullfont!
Missing character: There is no T in font nullfont!
Missing character: There is no r in font nullfont!
Missing character: There is no i in font nullfont!
Missing character: There is no e in font nullfont!
Missing character: There is no n in font nullfont!
Missing character: There is no n in font nullfont!
Missing character: There is no a in font nullfont!
Missing character: There is no l in font nullfont!
Missing character: There is no e in font nullfont!
Missing character: There is no i in font nullfont!
Missing character: There is no n in font nullfont!
Missing character: There is no F in font nullfont!
Missing character: There is no i in font nullfont!
Missing character: There is no s in font nullfont!
Missing character: There is no i in font nullfont!
Missing character: There is no c in font nullfont!
Missing character: There is no a in font nullfont!

Overfull \hbox (20.0pt too wide) in paragraph at lines 19--19
[] 
 []


Overfull \hbox (53.77052pt too wide) in paragraph at lines 22--23
 \OT1/cmr/bx/n/10 Separating 
 []


Overfull \hbox (16.13187pt too wide) in paragraph at lines 22--23
 \OT1/cmr/bx/n/10 the 
 []


Overfull \hbox (20.70824pt too wide) in paragraph at lines 22--23
 \OT1/cmr/bx/n/10 pro- 
 []


Overfull \hbox (21.7221pt too wide) in paragraph at lines 22--23
 \OT1/cmr/bx/n/10 duc- 
 []


Overfull \hbox (19.80545pt too wide) in paragraph at lines 22--23
 \OT1/cmr/bx/n/10 tion 
 []


Overfull \hbox (9.26384pt too wide) in paragraph at lines 22--23
 \OT1/cmr/bx/n/10 of 
 []


Overfull \hbox (17.95267pt too wide) in paragraph at lines 22--23
 \OT1/cmr/bx/n/10 sin- 
 []


Overfull \hbox (14.21521pt too wide) in paragraph at lines 22--23
 \OT1/cmr/bx/n/10 gle 
 []


Overfull \hbox (16.61102pt too wide) in paragraph at lines 22--23
 \OT1/cmr/bx/n/10 top 
 []


Overfull \hbox (33.39008pt too wide) in paragraph at lines 22--23
 \OT1/cmr/bx/n/10 quarks 
 []


Overfull \hbox (9.58328pt too wide) in paragraph at lines 22--23
 \OT1/cmr/bx/n/10 in 
 []


Overfull \hbox (13.95961pt too wide) in paragraph at lines 22--23
 \OT1/cmr/bx/n/10 as- 
 []


Overfull \hbox (14.11935pt too wide) in paragraph at lines 22--23
 \OT1/cmr/bx/n/10 so- 
 []


Overfull \hbox (12.13882pt too wide) in paragraph at lines 22--23
 \OT1/cmr/bx/n/10 ci- 
 []


Overfull \hbox (9.42354pt too wide) in paragraph at lines 22--23
 \OT1/cmr/bx/n/10 a- 
 []


Overfull \hbox (19.80545pt too wide) in paragraph at lines 22--23
 \OT1/cmr/bx/n/10 tion 
 []


Overfull \hbox (22.361pt too wide) in paragraph at lines 22--23
 \OT1/cmr/bx/n/10 with 
 []


Overfull \hbox (5.59023pt too wide) in paragraph at lines 22--23
 \OT1/cmr/bx/n/10 a 
 []


Overfull \hbox (7.02774pt too wide) in paragraph at lines 22--23
 \OT1/cmr/bx/n/10 Z 
 []


Overfull \hbox (16.29158pt too wide) in paragraph at lines 22--23
 \OT1/cmr/bx/n/10 bo- 
 []


Overfull \hbox (16.6749pt too wide) in paragraph at lines 22--23
 \OT1/cmr/bx/n/10 son 
 []


Overfull \hbox (23.58322pt too wide) in paragraph at lines 22--23
 \OT1/cmr/bx/n/10 from 
 []


Overfull \hbox (26.67345pt too wide) in paragraph at lines 22--23
 \OT1/cmr/bx/n/10 back- 
 []


Overfull \hbox (35.4026pt too wide) in paragraph at lines 22--23
 \OT1/cmr/bx/n/10 ground 
 []


Overfull \hbox (31.36928pt too wide) in paragraph at lines 22--23
 \OT1/cmr/bx/n/10 events 
 []


Overfull \hbox (22.361pt too wide) in paragraph at lines 22--23
 \OT1/cmr/bx/n/10 with 
 []


Overfull \hbox (20.34015pt too wide) in paragraph at lines 22--23
 \OT1/cmr/bx/n/10 Ma- 
 []


Overfull \hbox (26.03459pt too wide) in paragraph at lines 22--23
 \OT1/cmr/bx/n/10 chine 
 []


Overfull \hbox (32.73593pt too wide) in paragraph at lines 22--23
 \OT1/cmr/bx/n/10 Learn- 
 []


Overfull \hbox (15.33325pt too wide) in paragraph at lines 22--23
 \OT1/cmr/bx/n/10 ing 
 []


Overfull \hbox (24.75682pt too wide) in paragraph at lines 22--23
 \OT1/cmr/bx/n/10 tech- 
 []


Overfull \hbox (31.84843pt too wide) in paragraph at lines 22--23
 \OT1/cmr/bx/n/10 niques 
 []


Overfull \hbox (10.06242pt too wide) in paragraph at lines 22--23
 \OT1/cmr/bx/n/10 at 
 []


Overfull \hbox (16.13187pt too wide) in paragraph at lines 22--23
 \OT1/cmr/bx/n/10 the 
 []


Overfull \hbox (19.56934pt too wide) in paragraph at lines 22--23
 \OT1/cmr/bx/n/10 AT- 
 []


Overfull \hbox (21.99988pt too wide) in paragraph at lines 22--23
 \OT1/cmr/bx/n/10 LAS 
 []


Overfull \hbox (15.17354pt too wide) in paragraph at lines 22--23
 \OT1/cmr/bx/n/10 ex- 
 []


Overfull \hbox (20.54852pt too wide) in paragraph at lines 22--23
 \OT1/cmr/bx/n/10 per- 
 []


Overfull \hbox (7.02774pt too wide) in paragraph at lines 22--23
 \OT1/cmr/bx/n/10 i- 
 []


Overfull \hbox (25.3957pt too wide) in paragraph at lines 22--23
 \OT1/cmr/bx/n/10 ment 
 []


Overfull \hbox (20.0pt too wide) in paragraph at lines 27--27
[] 
 []

Missing character: There is no R in font nullfont!
Missing character: There is no e in font nullfont!
Missing character: There is no l in font nullfont!
Missing character: There is no a in font nullfont!
Missing character: There is no t in font nullfont!
Missing character: There is no o in font nullfont!
Missing character: There is no r in font nullfont!
Missing character: There is no e in font nullfont!
Missing character: There is no : in font nullfont!

Overfull \hbox (25.28456pt too wide) in paragraph at lines 28--28
[]\OT1/cmr/bx/n/10 Lidia 
 []


Overfull \hbox (46.96638pt too wide) in paragraph at lines 28--28
\OT1/cmr/bx/n/10 Dell'Asta  
 []


Overfull \hbox (20.0pt too wide) in paragraph at lines 32--32
[] 
 []

Missing character: There is no T in font nullfont!
Missing character: There is no e in font nullfont!
Missing character: There is no s in font nullfont!
Missing character: There is no i in font nullfont!
Missing character: There is no d in font nullfont!
Missing character: There is no i in font nullfont!
Missing character: There is no L in font nullfont!
Missing character: There is no a in font nullfont!
Missing character: There is no u in font nullfont!
Missing character: There is no r in font nullfont!
Missing character: There is no e in font nullfont!
Missing character: There is no a in font nullfont!
Missing character: There is no T in font nullfont!
Missing character: There is no r in font nullfont!
Missing character: There is no i in font nullfont!
Missing character: There is no e in font nullfont!
Missing character: There is no n in font nullfont!
Missing character: There is no n in font nullfont!
Missing character: There is no a in font nullfont!
Missing character: There is no l in font nullfont!
Missing character: There is no e in font nullfont!
Missing character: There is no d in font nullfont!
Missing character: There is no i in font nullfont!
Missing character: There is no : in font nullfont!

Overfull \hbox (37.11092pt too wide) in paragraph at lines 33--33
 []\OT1/cmr/bx/n/10 Niccol^^Ro
 []


Overfull \hbox (22.72902pt too wide) in paragraph at lines 33--33
 \OT1/cmr/bx/n/10 Lau-
 []


Overfull \hbox (20.8124pt too wide) in paragraph at lines 33--33
 \OT1/cmr/bx/n/10 rora
 []

Missing character: There is no M in font nullfont!
Missing character: There is no a in font nullfont!
Missing character: There is no t in font nullfont!
Missing character: There is no r in font nullfont!
Missing character: There is no i in font nullfont!
Missing character: There is no c in font nullfont!
Missing character: There is no o in font nullfont!
Missing character: There is no l in font nullfont!
Missing character: There is no a in font nullfont!
Missing character: There is no : in font nullfont!

Overfull \hbox (34.49982pt too wide) in paragraph at lines 33--34
 \OT1/cmr/bx/n/10 932540
 []


Overfull \hbox (20.0pt too wide) in paragraph at lines 37--37
[] 
 []

! Undefined control sequence.
l.38 {\large
             Anno Accademico 2021/2022}
The control sequence at the end of the top line
of your error message was never \def'ed. If you have
misspelled it (e.g., `\hobx'), type `I' and the correct
spelling (e.g., `I\hbox'). Otherwise just continue,
and I'll forget about whatever was undefined.

Missing character: There is no A in font nullfont!
Missing character: There is no n in font nullfont!
Missing character: There is no n in font nullfont!
Missing character: There is no o in font nullfont!
Missing character: There is no A in font nullfont!
Missing character: There is no c in font nullfont!
Missing character: There is no c in font nullfont!
Missing character: There is no a in font nullfont!
Missing character: There is no d in font nullfont!
Missing character: There is no e in font nullfont!
Missing character: There is no m in font nullfont!
Missing character: There is no i in font nullfont!
Missing character: There is no c in font nullfont!
Missing character: There is no o in font nullfont!
Missing character: There is no 2 in font nullfont!
Missing character: There is no 0 in font nullfont!
Missing character: There is no 2 in font nullfont!
Missing character: There is no 1 in font nullfont!
Missing character: There is no / in font nullfont!
Missing character: There is no 2 in font nullfont!
Missing character: There is no 0 in font nullfont!
Missing character: There is no 2 in font nullfont!
Missing character: There is no 2 in font nullfont!

! LaTeX Error: \begin{document} ended by \end{titlepage}.

See the LaTeX manual or LaTeX Companion for explanation.
Type  H <return>  for immediate help.
 ...                                              
                                                  
l.40 \end{titlepage}
                    
Your command was ignored.
Type  I <command> <return>  to replace it with another command,
or  <return>  to continue without it.

)
! Emergency stop.
<*> title.tex
             
*** (job aborted, no legal \end found)

 
Here is how much of TeX's memory you used:
 31 strings out of 480247
 521 string characters out of 5896150
 285961 words of memory out of 5000000
 18074 multiletter control sequences out of 15000+600000
 469567 words of font info for 29 fonts, out of 8000000 for 9000
 14 hyphenation exceptions out of 8191
 23i,1n,32p,218b,148s stack positions out of 5000i,500n,10000p,200000b,80000s
!  ==> Fatal error occurred, no output PDF file produced!
